TN:
SF:/Users/puhui/project/jsmonitor-fe/src/vuex/store.js
FN:19,_interopRequireDefault
FN:21,generate
FN:22,(anonymous_3)
FN:47,logout
FN:49,(anonymous_5)
FN:59,(anonymous_6)
FNF:6
FNH:3
FNDA:3,_interopRequireDefault
FNDA:12,generate
FNDA:0,(anonymous_3)
FNDA:0,logout
FNDA:0,(anonymous_5)
FNDA:12,(anonymous_6)
DA:0,3
DA:7,1
DA:8,12
DA:9,0
DA:10,0
DA:11,0
DA:16,1
DA:37,0
DA:38,0
DA:39,0
DA:40,0
DA:50,1
DA:51,12
LF:13
LH:6
BRDA:19,1,0,3
BRDA:19,1,1,0
BRDA:19,2,0,3
BRDA:19,2,1,3
BRDA:23,3,0,0
BRDA:23,3,1,0
BRDA:24,4,0,0
BRDA:24,4,1,0
BRDA:25,5,0,0
BRDA:25,5,1,0
BRDA:25,6,0,0
BRDA:25,6,1,0
BRDA:35,7,0,1
BRDA:35,7,1,1
BRDA:37,8,0,1
BRDA:37,8,1,1
BRDA:38,9,0,1
BRDA:38,9,1,1
BRDA:43,10,0,1
BRDA:43,10,1,1
BRF:20
BRH:12
end_of_record
TN:
SF:/Users/puhui/project/jsmonitor-fe/src/components/title.vue
FN:10,fullTitle
FN:15,mounted
FN:18,updated
FNF:3
FNH:2
FNDA:1,fullTitle
FNDA:1,mounted
FNDA:0,updated
DA:0,1
DA:11,1
DA:16,1
DA:20,0
LF:4
LH:3
BRF:0
BRH:0
end_of_record
TN:
SF:/Users/puhui/project/jsmonitor-fe/src/utils/axios.js
FN:47,_interopRequireDefault
FN:51,(anonymous_2)
FN:53,msg
FN:60,(anonymous_4)
FN:68,(anonymous_5)
FN:72,(anonymous_6)
FN:82,(anonymous_7)
FN:90,(anonymous_8)
FNF:8
FNH:1
FNDA:10,_interopRequireDefault
FNDA:0,(anonymous_2)
FNDA:0,msg
FNDA:0,(anonymous_4)
FNDA:0,(anonymous_5)
FNDA:0,(anonymous_6)
FNDA:0,(anonymous_7)
FNDA:0,(anonymous_8)
DA:0,10
DA:5,1
DA:8,1
DA:10,1
DA:12,1
DA:13,0
DA:14,0
DA:15,0
DA:16,0
DA:20,0
DA:21,0
DA:22,0
DA:28,0
DA:29,0
DA:30,0
DA:31,0
DA:32,0
DA:33,0
DA:34,0
DA:39,0
DA:42,0
DA:44,0
DA:45,0
DA:46,0
DA:47,0
DA:50,0
DA:54,0
DA:55,0
DA:56,0
DA:57,0
DA:59,0
LF:31
LH:5
BRDA:47,1,0,6
BRDA:47,1,1,4
BRDA:47,2,0,10
BRDA:47,2,1,10
BRDA:55,3,0,0
BRDA:55,3,1,0
BRDA:56,4,0,0
BRDA:56,4,1,0
BRDA:60,5,0,0
BRDA:60,5,1,0
BRDA:61,6,0,0
BRDA:61,6,1,0
BRDA:71,7,0,0
BRDA:71,7,1,0
BRDA:73,8,0,0
BRDA:73,8,1,0
BRDA:84,9,0,0
BRDA:84,9,1,0
BRDA:84,10,0,0
BRDA:84,10,1,0
BRDA:84,10,2,0
BRDA:93,11,0,0
BRDA:93,11,1,0
BRF:23
BRH:4
end_of_record
TN:
SF:/Users/puhui/project/jsmonitor-fe/src/utils/sourcemap.js
FN:19,_interopRequireDefault
FN:24,(anonymous_2)
FN:25,SourceMap
FN:31,getSourceMapURL
FN:32,(anonymous_5)
FN:38,getSourceMap
FN:43,getSourceStack
FN:44,(anonymous_8)
FN:47,(anonymous_9)
FN:50,(anonymous_10)
FN:51,(anonymous_11)
FN:61,create
FNF:12
FNH:7
FNDA:4,_interopRequireDefault
FNDA:1,(anonymous_2)
FNDA:1,SourceMap
FNDA:0,getSourceMapURL
FNDA:0,(anonymous_5)
FNDA:0,getSourceMap
FNDA:0,getSourceStack
FNDA:0,(anonymous_8)
FNDA:0,(anonymous_9)
FNDA:0,(anonymous_10)
FNDA:0,(anonymous_11)
FNDA:1,create
DA:0,4
DA:2,1
DA:4,1
DA:5,1
DA:9,1
DA:13,1
DA:21,0
DA:22,0
DA:31,0
DA:35,0
DA:36,0
DA:37,0
DA:38,0
DA:41,0
DA:42,0
DA:47,0
DA:49,0
DA:50,0
DA:52,0
DA:59,1
LF:20
LH:7
BRDA:19,1,0,3
BRDA:19,1,1,1
BRDA:19,2,0,4
BRDA:19,2,1,4
BRDA:52,3,0,0
BRDA:52,3,1,0
BRF:6
BRH:4
end_of_record
